<?xml version="1.0" encoding="UTF-8"?>
<testsuite xmlns:xsi="http://www.w3.org/2001/XMLSchema-instance" xsi:noNamespaceSchemaLocation="https://maven.apache.org/surefire/maven-surefire-plugin/xsd/surefire-test-report.xsd" name="com.abernathy.mediscreen.mdto.service.DtoDateUtilsTest" time="0.003" tests="3" errors="0" skipped="0" failures="0">
  <properties>
[...]
</properties>
  <testcase name="stringToDateTest" classname="com.abernathy.mediscreen.mdto.service.DtoDateUtilsTest" time="0"/>
  <testcase name="dateToStringTest" classname="com.abernathy.mediscreen.mdto.service.DtoDateUtilsTest" time="0"/>
  <testcase name="stringToDateWithDateFormatExceptionTest" classname="com.abernathy.mediscreen.mdto.service.DtoDateUtilsTest" time="0"/>
</testsuite>